\BOOKMARK [1][-]{section.1}{Inleiding}{}% 1
\BOOKMARK [1][-]{section.2}{Overzicht literatuur}{}% 2
\BOOKMARK [2][-]{subsection.2.1}{Retrieval Practice}{section.2}% 3
\BOOKMARK [2][-]{subsection.2.2}{Onderscheid in geheugen capaciteit}{section.2}% 4
\BOOKMARK [2][-]{subsection.2.3}{Wat is leren?}{section.2}% 5
\BOOKMARK [2][-]{subsection.2.4}{Rote vs Meaningful Learning}{section.2}% 6
\BOOKMARK [2][-]{subsection.2.5}{Retentie testen}{section.2}% 7
\BOOKMARK [2][-]{subsection.2.6}{Invloed Feedback op Retrieval Practice}{section.2}% 8
\BOOKMARK [2][-]{subsection.2.7}{Invloed van voorkennis van de stof op de prestaties geleverd door Retrieval practice}{section.2}% 9
\BOOKMARK [1][-]{section.3}{Methodologie}{}% 10
\BOOKMARK [2][-]{subsection.3.1}{Meten van geheugencapaciteit}{section.3}% 11
\BOOKMARK [2][-]{subsection.3.2}{Hervorming van de retentie test}{section.3}% 12
\BOOKMARK [1][-]{section.4}{Verwachte resultaten}{}% 13
\BOOKMARK [2][-]{subsection.4.1}{Hypothesen}{section.4}% 14
\BOOKMARK [2][-]{subsection.4.2}{Duiding}{section.4}% 15
\BOOKMARK [2][-]{subsection.4.3}{Grafieken}{section.4}% 16
\BOOKMARK [3][-]{subsubsection.4.3.1}{Uitleg}{subsection.4.3}% 17
\BOOKMARK [3][-]{subsubsection.4.3.2}{Grafieken}{subsection.4.3}% 18
\BOOKMARK [1][-]{section.5}{Conclusie}{}% 19
\BOOKMARK [2][-]{subsection.5.1}{Variabelen}{section.5}% 20
\BOOKMARK [2][-]{subsection.5.2}{Hypothesen en resultaten}{section.5}% 21
\BOOKMARK [1][-]{section.6}{Addendum}{}% 22
\BOOKMARK [2][-]{subsubsection.6.0.1}{Successful inhibition, unsuccessful retrieval: Manipulating time and success during retrieval practice}{section.6}% 23
\BOOKMARK [3][-]{subsubsection.6.0.2}{Commentary: Retrieval practice protects memory against acute stress}{subsubsection.6.0.1}% 24
\BOOKMARK [3][-]{subsubsection.6.0.3}{Optimizing retrieval as a learning event: When and why expanding retrieval practice enhances long-term retention}{subsubsection.6.0.1}% 25
\BOOKMARK [3][-]{subsubsection.6.0.4}{Retrieval Practice Produces More Learning than Elaborative Studying with Concept Mapping}{subsubsection.6.0.1}% 26
